


ARM Macro Assembler    Page 1 


    1 00000000         ;*******************************************************
                       ************************
    2 00000000         ;* File Name          : startup_stm32f042x6.s
    3 00000000         ;* Author             : MCD Application Team
    4 00000000         ;* Description        : STM32F042x4/STM32F042x6 devices 
                       vector table for MDK-ARM toolchain.
    5 00000000         ;*                      This module performs:
    6 00000000         ;*                      - Set the initial SP
    7 00000000         ;*                      - Set the initial PC == Reset_Ha
                       ndler
    8 00000000         ;*                      - Set the vector table entries w
                       ith the exceptions ISR address
    9 00000000         ;*                      - Branches to __main in the C li
                       brary (which eventually
   10 00000000         ;*                        calls main()).
   11 00000000         ;*                      After Reset the CortexM0 process
                       or is in Thread mode,
   12 00000000         ;*                      priority is Privileged, and the 
                       Stack is set to Main.
   13 00000000         ;*******************************************************
                       ************************
   14 00000000         ;* @attention
   15 00000000         ;*
   16 00000000         ;* Copyright (c) 2016 STMicroelectronics.
   17 00000000         ;* All rights reserved.
   18 00000000         ;*
   19 00000000         ;* This software is licensed under terms that can be fou
                       nd in the LICENSE file
   20 00000000         ;* in the root directory of this software component.
   21 00000000         ;* If no LICENSE file comes with this software, it is pr
                       ovided AS-IS.
   22 00000000         ;*
   23 00000000         ;*******************************************************
                       ************************
   24 00000000         ;* <<< Use Configuration Wizard in Context Menu >>>
   25 00000000         ;
   26 00000000         
   27 00000000         ; Amount of memory (in bytes) allocated for Stack
   28 00000000         ; Tailor this value to your application needs
   29 00000000         ; <h> Stack Configuration
   30 00000000         ;   <o> Stack Size (in Bytes) <0x0-0xFFFFFFFF:8>
   31 00000000         ; </h>
   32 00000000         
   33 00000000 00000400 
                       Stack_Size
                               EQU              0x400
   34 00000000         
   35 00000000                 AREA             STACK, NOINIT, READWRITE, ALIGN
=3
   36 00000000         Stack_Mem
                               SPACE            Stack_Size
   37 00000400         __initial_sp
   38 00000400         
   39 00000400         
   40 00000400         ; <h> Heap Configuration
   41 00000400         ;   <o>  Heap Size (in Bytes) <0x0-0xFFFFFFFF:8>
   42 00000400         ; </h>
   43 00000400         
   44 00000400 00000200 



ARM Macro Assembler    Page 2 


                       Heap_Size
                               EQU              0x200
   45 00000400         
   46 00000400                 AREA             HEAP, NOINIT, READWRITE, ALIGN=
3
   47 00000000         __heap_base
   48 00000000         Heap_Mem
                               SPACE            Heap_Size
   49 00000200         __heap_limit
   50 00000200         
   51 00000200                 PRESERVE8
   52 00000200                 THUMB
   53 00000200         
   54 00000200         
   55 00000200         ; Vector Table Mapped to Address 0 at Reset
   56 00000200                 AREA             RESET, DATA, READONLY
   57 00000000                 EXPORT           __Vectors
   58 00000000                 EXPORT           __Vectors_End
   59 00000000                 EXPORT           __Vectors_Size
   60 00000000         
   61 00000000 00000000 
                       __Vectors
                               DCD              __initial_sp ; Top of Stack
   62 00000004 00000000        DCD              Reset_Handler ; Reset Handler
   63 00000008 00000000        DCD              NMI_Handler ; NMI Handler
   64 0000000C 00000000        DCD              HardFault_Handler ; Hard Fault 
                                                            Handler
   65 00000010 00000000        DCD              0           ; Reserved
   66 00000014 00000000        DCD              0           ; Reserved
   67 00000018 00000000        DCD              0           ; Reserved
   68 0000001C 00000000        DCD              0           ; Reserved
   69 00000020 00000000        DCD              0           ; Reserved
   70 00000024 00000000        DCD              0           ; Reserved
   71 00000028 00000000        DCD              0           ; Reserved
   72 0000002C 00000000        DCD              SVC_Handler ; SVCall Handler
   73 00000030 00000000        DCD              0           ; Reserved
   74 00000034 00000000        DCD              0           ; Reserved
   75 00000038 00000000        DCD              PendSV_Handler ; PendSV Handler
                                                            
   76 0000003C 00000000        DCD              SysTick_Handler 
                                                            ; SysTick Handler
   77 00000040         
   78 00000040         ; External Interrupts
   79 00000040 00000000        DCD              WWDG_IRQHandler 
                                                            ; Window Watchdog
   80 00000044 00000000        DCD              PVD_VDDIO2_IRQHandler ; PVD thr
                                                            ough EXTI Line dete
                                                            ct
   81 00000048 00000000        DCD              RTC_IRQHandler ; RTC through EX
                                                            TI Line
   82 0000004C 00000000        DCD              FLASH_IRQHandler ; FLASH
   83 00000050 00000000        DCD              RCC_CRS_IRQHandler 
                                                            ; RCC and CRS
   84 00000054 00000000        DCD              EXTI0_1_IRQHandler 
                                                            ; EXTI Line 0 and 1
                                                            
   85 00000058 00000000        DCD              EXTI2_3_IRQHandler 
                                                            ; EXTI Line 2 and 3
                                                            



ARM Macro Assembler    Page 3 


   86 0000005C 00000000        DCD              EXTI4_15_IRQHandler 
                                                            ; EXTI Line 4 to 15
                                                            
   87 00000060 00000000        DCD              TSC_IRQHandler ; TS
   88 00000064 00000000        DCD              DMA1_Channel1_IRQHandler 
                                                            ; DMA1 Channel 1
   89 00000068 00000000        DCD              DMA1_Channel2_3_IRQHandler ; DM
                                                            A1 Channel 2 and Ch
                                                            annel 3
   90 0000006C 00000000        DCD              DMA1_Channel4_5_IRQHandler ; DM
                                                            A1 Channel 4 and Ch
                                                            annel 5
   91 00000070 00000000        DCD              ADC1_IRQHandler ; ADC1 
   92 00000074 00000000        DCD              TIM1_BRK_UP_TRG_COM_IRQHandler 
                                                            ; TIM1 Break, Updat
                                                            e, Trigger and Comm
                                                            utation
   93 00000078 00000000        DCD              TIM1_CC_IRQHandler ; TIM1 Captu
                                                            re Compare
   94 0000007C 00000000        DCD              TIM2_IRQHandler ; TIM2
   95 00000080 00000000        DCD              TIM3_IRQHandler ; TIM3
   96 00000084 00000000        DCD              0           ; Reserved
   97 00000088 00000000        DCD              0           ; Reserved
   98 0000008C 00000000        DCD              TIM14_IRQHandler ; TIM14
   99 00000090 00000000        DCD              0           ; Reserved
  100 00000094 00000000        DCD              TIM16_IRQHandler ; TIM16
  101 00000098 00000000        DCD              TIM17_IRQHandler ; TIM17
  102 0000009C 00000000        DCD              I2C1_IRQHandler ; I2C1
  103 000000A0 00000000        DCD              0           ; Reserved
  104 000000A4 00000000        DCD              SPI1_IRQHandler ; SPI1
  105 000000A8 00000000        DCD              SPI2_IRQHandler ; SPI2
  106 000000AC 00000000        DCD              USART1_IRQHandler ; USART1
  107 000000B0 00000000        DCD              USART2_IRQHandler ; USART2
  108 000000B4 00000000        DCD              0           ; Reserved
  109 000000B8 00000000        DCD              CEC_CAN_IRQHandler 
                                                            ; CEC and CAN
  110 000000BC 00000000        DCD              USB_IRQHandler ; USB
  111 000000C0         
  112 000000C0         __Vectors_End
  113 000000C0         
  114 000000C0 000000C0 
                       __Vectors_Size
                               EQU              __Vectors_End - __Vectors
  115 000000C0         
  116 000000C0                 AREA             |.text|, CODE, READONLY
  117 00000000         
  118 00000000         ; Reset handler routine
  119 00000000         Reset_Handler
                               PROC
  120 00000000                 EXPORT           Reset_Handler                 [
WEAK]
  121 00000000                 IMPORT           __main
  122 00000000                 IMPORT           SystemInit
  123 00000000         
  124 00000000         
  125 00000000         
  126 00000000 480F            LDR              R0, =__initial_sp ; set stack p
                                                            ointer 
  127 00000002 F380 8808       MSR              MSP, R0



ARM Macro Assembler    Page 4 


  128 00000006         
  129 00000006         ;;Check if boot space corresponds to test memory 
  130 00000006         
  131 00000006 480F            LDR              R0,=0x00000004
  132 00000008 6801            LDR              R1, [R0]
  133 0000000A 0E09            LSRS             R1, R1, #24
  134 0000000C 4A0E            LDR              R2,=0x1F
  135 0000000E 4291            CMP              R1, R2
  136 00000010         
  137 00000010 D105            BNE              ApplicationStart
  138 00000012         
  139 00000012         ;; SYSCFG clock enable    
  140 00000012         
  141 00000012 480E            LDR              R0,=0x40021018
  142 00000014 490E            LDR              R1,=0x00000001
  143 00000016 6001            STR              R1, [R0]
  144 00000018         
  145 00000018         ;; Set CFGR1 register with flash memory remap at address
                        0
  146 00000018         
  147 00000018 480E            LDR              R0,=0x40010000
  148 0000001A 490F            LDR              R1,=0x00000000
  149 0000001C 6001            STR              R1, [R0]
  150 0000001E         ApplicationStart
  151 0000001E 480F            LDR              R0, =SystemInit
  152 00000020 4780            BLX              R0
  153 00000022 480F            LDR              R0, =__main
  154 00000024 4700            BX               R0
  155 00000026                 ENDP
  156 00000026         
  157 00000026         ; Dummy Exception Handlers (infinite loops which can be 
                       modified)
  158 00000026         
  159 00000026         NMI_Handler
                               PROC
  160 00000026                 EXPORT           NMI_Handler                    
[WEAK]
  161 00000026 E7FE            B                .
  162 00000028                 ENDP
  164 00000028         HardFault_Handler
                               PROC
  165 00000028                 EXPORT           HardFault_Handler              
[WEAK]
  166 00000028 E7FE            B                .
  167 0000002A                 ENDP
  168 0000002A         SVC_Handler
                               PROC
  169 0000002A                 EXPORT           SVC_Handler                    
[WEAK]
  170 0000002A E7FE            B                .
  171 0000002C                 ENDP
  172 0000002C         PendSV_Handler
                               PROC
  173 0000002C                 EXPORT           PendSV_Handler                 
[WEAK]
  174 0000002C E7FE            B                .
  175 0000002E                 ENDP
  176 0000002E         SysTick_Handler
                               PROC



ARM Macro Assembler    Page 5 


  177 0000002E                 EXPORT           SysTick_Handler                
[WEAK]
  178 0000002E E7FE            B                .
  179 00000030                 ENDP
  180 00000030         
  181 00000030         Default_Handler
                               PROC
  182 00000030         
  183 00000030                 EXPORT           WWDG_IRQHandler                
[WEAK]
  184 00000030                 EXPORT           PVD_VDDIO2_IRQHandler          
[WEAK]
  185 00000030                 EXPORT           RTC_IRQHandler                 
[WEAK]
  186 00000030                 EXPORT           FLASH_IRQHandler               
[WEAK]
  187 00000030                 EXPORT           RCC_CRS_IRQHandler             
[WEAK]
  188 00000030                 EXPORT           EXTI0_1_IRQHandler             
[WEAK]
  189 00000030                 EXPORT           EXTI2_3_IRQHandler             
[WEAK]
  190 00000030                 EXPORT           EXTI4_15_IRQHandler            
[WEAK]
  191 00000030                 EXPORT           TSC_IRQHandler                 
[WEAK]
  192 00000030                 EXPORT           DMA1_Channel1_IRQHandler       
[WEAK]
  193 00000030                 EXPORT           DMA1_Channel2_3_IRQHandler     
[WEAK]
  194 00000030                 EXPORT           DMA1_Channel4_5_IRQHandler [WEA
K]
  195 00000030                 EXPORT           ADC1_IRQHandler           [WEAK
]
  196 00000030                 EXPORT           TIM1_BRK_UP_TRG_COM_IRQHandler 
[WEAK]
  197 00000030                 EXPORT           TIM1_CC_IRQHandler             
[WEAK]
  198 00000030                 EXPORT           TIM2_IRQHandler                
[WEAK]
  199 00000030                 EXPORT           TIM3_IRQHandler                
[WEAK]
  200 00000030                 EXPORT           TIM14_IRQHandler               
[WEAK]
  201 00000030                 EXPORT           TIM16_IRQHandler               
[WEAK]
  202 00000030                 EXPORT           TIM17_IRQHandler               
[WEAK]
  203 00000030                 EXPORT           I2C1_IRQHandler                
[WEAK]
  204 00000030                 EXPORT           SPI1_IRQHandler                
[WEAK]
  205 00000030                 EXPORT           SPI2_IRQHandler                
[WEAK]
  206 00000030                 EXPORT           USART1_IRQHandler              
[WEAK]
  207 00000030                 EXPORT           USART2_IRQHandler              
[WEAK]
  208 00000030                 EXPORT           CEC_CAN_IRQHandler             



ARM Macro Assembler    Page 6 


[WEAK]
  209 00000030                 EXPORT           USB_IRQHandler                 
[WEAK]
  210 00000030         
  211 00000030         
  212 00000030         WWDG_IRQHandler
  213 00000030         PVD_VDDIO2_IRQHandler
  214 00000030         RTC_IRQHandler
  215 00000030         FLASH_IRQHandler
  216 00000030         RCC_CRS_IRQHandler
  217 00000030         EXTI0_1_IRQHandler
  218 00000030         EXTI2_3_IRQHandler
  219 00000030         EXTI4_15_IRQHandler
  220 00000030         TSC_IRQHandler
  221 00000030         DMA1_Channel1_IRQHandler
  222 00000030         DMA1_Channel2_3_IRQHandler
  223 00000030         DMA1_Channel4_5_IRQHandler
  224 00000030         ADC1_IRQHandler
  225 00000030         TIM1_BRK_UP_TRG_COM_IRQHandler
  226 00000030         TIM1_CC_IRQHandler
  227 00000030         TIM2_IRQHandler
  228 00000030         TIM3_IRQHandler
  229 00000030         TIM14_IRQHandler
  230 00000030         TIM16_IRQHandler
  231 00000030         TIM17_IRQHandler
  232 00000030         I2C1_IRQHandler
  233 00000030         SPI1_IRQHandler
  234 00000030         SPI2_IRQHandler
  235 00000030         USART1_IRQHandler
  236 00000030         USART2_IRQHandler
  237 00000030         CEC_CAN_IRQHandler
  238 00000030         USB_IRQHandler
  239 00000030         
  240 00000030 E7FE            B                .
  241 00000032         
  242 00000032                 ENDP
  243 00000032         
  244 00000032 00 00           ALIGN
  245 00000034         
  246 00000034         ;*******************************************************
                       ************************
  247 00000034         ; User Stack and Heap initialization
  248 00000034         ;*******************************************************
                       ************************
  249 00000034                 IF               :DEF:__MICROLIB
  256 00000034         
  257 00000034                 IMPORT           __use_two_region_memory
  258 00000034                 EXPORT           __user_initial_stackheap
  259 00000034         
  260 00000034         __user_initial_stackheap
  261 00000034         
  262 00000034 480B            LDR              R0, =  Heap_Mem
  263 00000036 490C            LDR              R1, =(Stack_Mem + Stack_Size)
  264 00000038 4A0C            LDR              R2, = (Heap_Mem +  Heap_Size)
  265 0000003A 4B0D            LDR              R3, = Stack_Mem
  266 0000003C 4770            BX               LR
  267 0000003E         
  268 0000003E 00 00           ALIGN
  269 00000040         



ARM Macro Assembler    Page 7 


  270 00000040                 ENDIF
  271 00000040         
  272 00000040                 END
              00000000 
              00000004 
              0000001F 
              40021018 
              00000001 
              40010000 
              00000000 
              00000000 
              00000000 
              00000000 
              00000400 
              00000200 
              00000000 
Command Line: --debug --xref --diag_suppress=9931 --cpu=Cortex-M0 --apcs=interw
ork --depend=os3m_mouse\startup_stm32f042x6.d -oos3m_mouse\startup_stm32f042x6.
o -I.\RTE\_OS3M_Mouse -ID:\app_work\keil5\armpack\ARM\CMSIS\5.5.1\CMSIS\Core\In
clude -ID:\app_work\keil5\armpack\Keil\STM32F0xx_DFP\2.1.1\Drivers\CMSIS\Device
\ST\STM32F0xx\Include --predefine="__UVISION_VERSION SETA 528" --predefine="_RT
E_ SETA 1" --predefine="STM32F042x6 SETA 1" --list=startup_stm32f042x6.lst star
tup_stm32f042x6.s



ARM Macro Assembler    Page 1 Alphabetic symbol ordering
Relocatable symbols

STACK 00000000

Symbol: STACK
   Definitions
      At line 35 in file startup_stm32f042x6.s
   Uses
      None
Comment: STACK unused
Stack_Mem 00000000

Symbol: Stack_Mem
   Definitions
      At line 36 in file startup_stm32f042x6.s
   Uses
      At line 263 in file startup_stm32f042x6.s
      At line 265 in file startup_stm32f042x6.s

__initial_sp 00000400

Symbol: __initial_sp
   Definitions
      At line 37 in file startup_stm32f042x6.s
   Uses
      At line 61 in file startup_stm32f042x6.s
      At line 126 in file startup_stm32f042x6.s

3 symbols



ARM Macro Assembler    Page 1 Alphabetic symbol ordering
Relocatable symbols

HEAP 00000000

Symbol: HEAP
   Definitions
      At line 46 in file startup_stm32f042x6.s
   Uses
      None
Comment: HEAP unused
Heap_Mem 00000000

Symbol: Heap_Mem
   Definitions
      At line 48 in file startup_stm32f042x6.s
   Uses
      At line 262 in file startup_stm32f042x6.s
      At line 264 in file startup_stm32f042x6.s

__heap_base 00000000

Symbol: __heap_base
   Definitions
      At line 47 in file startup_stm32f042x6.s
   Uses
      None
Comment: __heap_base unused
__heap_limit 00000200

Symbol: __heap_limit
   Definitions
      At line 49 in file startup_stm32f042x6.s
   Uses
      None
Comment: __heap_limit unused
4 symbols



ARM Macro Assembler    Page 1 Alphabetic symbol ordering
Relocatable symbols

RESET 00000000

Symbol: RESET
   Definitions
      At line 56 in file startup_stm32f042x6.s
   Uses
      None
Comment: RESET unused
__Vectors 00000000

Symbol: __Vectors
   Definitions
      At line 61 in file startup_stm32f042x6.s
   Uses
      At line 57 in file startup_stm32f042x6.s
      At line 114 in file startup_stm32f042x6.s

__Vectors_End 000000C0

Symbol: __Vectors_End
   Definitions
      At line 112 in file startup_stm32f042x6.s
   Uses
      At line 58 in file startup_stm32f042x6.s
      At line 114 in file startup_stm32f042x6.s

3 symbols



ARM Macro Assembler    Page 1 Alphabetic symbol ordering
Relocatable symbols

.text 00000000

Symbol: .text
   Definitions
      At line 116 in file startup_stm32f042x6.s
   Uses
      None
Comment: .text unused
ADC1_IRQHandler 00000030

Symbol: ADC1_IRQHandler
   Definitions
      At line 224 in file startup_stm32f042x6.s
   Uses
      At line 91 in file startup_stm32f042x6.s
      At line 195 in file startup_stm32f042x6.s

ApplicationStart 0000001E

Symbol: ApplicationStart
   Definitions
      At line 150 in file startup_stm32f042x6.s
   Uses
      At line 137 in file startup_stm32f042x6.s
Comment: ApplicationStart used once
CEC_CAN_IRQHandler 00000030

Symbol: CEC_CAN_IRQHandler
   Definitions
      At line 237 in file startup_stm32f042x6.s
   Uses
      At line 109 in file startup_stm32f042x6.s
      At line 208 in file startup_stm32f042x6.s

DMA1_Channel1_IRQHandler 00000030

Symbol: DMA1_Channel1_IRQHandler
   Definitions
      At line 221 in file startup_stm32f042x6.s
   Uses
      At line 88 in file startup_stm32f042x6.s
      At line 192 in file startup_stm32f042x6.s

DMA1_Channel2_3_IRQHandler 00000030

Symbol: DMA1_Channel2_3_IRQHandler
   Definitions
      At line 222 in file startup_stm32f042x6.s
   Uses
      At line 89 in file startup_stm32f042x6.s
      At line 193 in file startup_stm32f042x6.s

DMA1_Channel4_5_IRQHandler 00000030

Symbol: DMA1_Channel4_5_IRQHandler
   Definitions
      At line 223 in file startup_stm32f042x6.s
   Uses
      At line 90 in file startup_stm32f042x6.s



ARM Macro Assembler    Page 2 Alphabetic symbol ordering
Relocatable symbols

      At line 194 in file startup_stm32f042x6.s

Default_Handler 00000030

Symbol: Default_Handler
   Definitions
      At line 181 in file startup_stm32f042x6.s
   Uses
      None
Comment: Default_Handler unused
EXTI0_1_IRQHandler 00000030

Symbol: EXTI0_1_IRQHandler
   Definitions
      At line 217 in file startup_stm32f042x6.s
   Uses
      At line 84 in file startup_stm32f042x6.s
      At line 188 in file startup_stm32f042x6.s

EXTI2_3_IRQHandler 00000030

Symbol: EXTI2_3_IRQHandler
   Definitions
      At line 218 in file startup_stm32f042x6.s
   Uses
      At line 85 in file startup_stm32f042x6.s
      At line 189 in file startup_stm32f042x6.s

EXTI4_15_IRQHandler 00000030

Symbol: EXTI4_15_IRQHandler
   Definitions
      At line 219 in file startup_stm32f042x6.s
   Uses
      At line 86 in file startup_stm32f042x6.s
      At line 190 in file startup_stm32f042x6.s

FLASH_IRQHandler 00000030

Symbol: FLASH_IRQHandler
   Definitions
      At line 215 in file startup_stm32f042x6.s
   Uses
      At line 82 in file startup_stm32f042x6.s
      At line 186 in file startup_stm32f042x6.s

HardFault_Handler 00000028

Symbol: HardFault_Handler
   Definitions
      At line 164 in file startup_stm32f042x6.s
   Uses
      At line 64 in file startup_stm32f042x6.s
      At line 165 in file startup_stm32f042x6.s

I2C1_IRQHandler 00000030

Symbol: I2C1_IRQHandler
   Definitions



ARM Macro Assembler    Page 3 Alphabetic symbol ordering
Relocatable symbols

      At line 232 in file startup_stm32f042x6.s
   Uses
      At line 102 in file startup_stm32f042x6.s
      At line 203 in file startup_stm32f042x6.s

NMI_Handler 00000026

Symbol: NMI_Handler
   Definitions
      At line 159 in file startup_stm32f042x6.s
   Uses
      At line 63 in file startup_stm32f042x6.s
      At line 160 in file startup_stm32f042x6.s

PVD_VDDIO2_IRQHandler 00000030

Symbol: PVD_VDDIO2_IRQHandler
   Definitions
      At line 213 in file startup_stm32f042x6.s
   Uses
      At line 80 in file startup_stm32f042x6.s
      At line 184 in file startup_stm32f042x6.s

PendSV_Handler 0000002C

Symbol: PendSV_Handler
   Definitions
      At line 172 in file startup_stm32f042x6.s
   Uses
      At line 75 in file startup_stm32f042x6.s
      At line 173 in file startup_stm32f042x6.s

RCC_CRS_IRQHandler 00000030

Symbol: RCC_CRS_IRQHandler
   Definitions
      At line 216 in file startup_stm32f042x6.s
   Uses
      At line 83 in file startup_stm32f042x6.s
      At line 187 in file startup_stm32f042x6.s

RTC_IRQHandler 00000030

Symbol: RTC_IRQHandler
   Definitions
      At line 214 in file startup_stm32f042x6.s
   Uses
      At line 81 in file startup_stm32f042x6.s
      At line 185 in file startup_stm32f042x6.s

Reset_Handler 00000000

Symbol: Reset_Handler
   Definitions
      At line 119 in file startup_stm32f042x6.s
   Uses
      At line 62 in file startup_stm32f042x6.s
      At line 120 in file startup_stm32f042x6.s




ARM Macro Assembler    Page 4 Alphabetic symbol ordering
Relocatable symbols

SPI1_IRQHandler 00000030

Symbol: SPI1_IRQHandler
   Definitions
      At line 233 in file startup_stm32f042x6.s
   Uses
      At line 104 in file startup_stm32f042x6.s
      At line 204 in file startup_stm32f042x6.s

SPI2_IRQHandler 00000030

Symbol: SPI2_IRQHandler
   Definitions
      At line 234 in file startup_stm32f042x6.s
   Uses
      At line 105 in file startup_stm32f042x6.s
      At line 205 in file startup_stm32f042x6.s

SVC_Handler 0000002A

Symbol: SVC_Handler
   Definitions
      At line 168 in file startup_stm32f042x6.s
   Uses
      At line 72 in file startup_stm32f042x6.s
      At line 169 in file startup_stm32f042x6.s

SysTick_Handler 0000002E

Symbol: SysTick_Handler
   Definitions
      At line 176 in file startup_stm32f042x6.s
   Uses
      At line 76 in file startup_stm32f042x6.s
      At line 177 in file startup_stm32f042x6.s

TIM14_IRQHandler 00000030

Symbol: TIM14_IRQHandler
   Definitions
      At line 229 in file startup_stm32f042x6.s
   Uses
      At line 98 in file startup_stm32f042x6.s
      At line 200 in file startup_stm32f042x6.s

TIM16_IRQHandler 00000030

Symbol: TIM16_IRQHandler
   Definitions
      At line 230 in file startup_stm32f042x6.s
   Uses
      At line 100 in file startup_stm32f042x6.s
      At line 201 in file startup_stm32f042x6.s

TIM17_IRQHandler 00000030

Symbol: TIM17_IRQHandler
   Definitions
      At line 231 in file startup_stm32f042x6.s



ARM Macro Assembler    Page 5 Alphabetic symbol ordering
Relocatable symbols

   Uses
      At line 101 in file startup_stm32f042x6.s
      At line 202 in file startup_stm32f042x6.s

TIM1_BRK_UP_TRG_COM_IRQHandler 00000030

Symbol: TIM1_BRK_UP_TRG_COM_IRQHandler
   Definitions
      At line 225 in file startup_stm32f042x6.s
   Uses
      At line 92 in file startup_stm32f042x6.s
      At line 196 in file startup_stm32f042x6.s

TIM1_CC_IRQHandler 00000030

Symbol: TIM1_CC_IRQHandler
   Definitions
      At line 226 in file startup_stm32f042x6.s
   Uses
      At line 93 in file startup_stm32f042x6.s
      At line 197 in file startup_stm32f042x6.s

TIM2_IRQHandler 00000030

Symbol: TIM2_IRQHandler
   Definitions
      At line 227 in file startup_stm32f042x6.s
   Uses
      At line 94 in file startup_stm32f042x6.s
      At line 198 in file startup_stm32f042x6.s

TIM3_IRQHandler 00000030

Symbol: TIM3_IRQHandler
   Definitions
      At line 228 in file startup_stm32f042x6.s
   Uses
      At line 95 in file startup_stm32f042x6.s
      At line 199 in file startup_stm32f042x6.s

TSC_IRQHandler 00000030

Symbol: TSC_IRQHandler
   Definitions
      At line 220 in file startup_stm32f042x6.s
   Uses
      At line 87 in file startup_stm32f042x6.s
      At line 191 in file startup_stm32f042x6.s

USART1_IRQHandler 00000030

Symbol: USART1_IRQHandler
   Definitions
      At line 235 in file startup_stm32f042x6.s
   Uses
      At line 106 in file startup_stm32f042x6.s
      At line 206 in file startup_stm32f042x6.s

USART2_IRQHandler 00000030



ARM Macro Assembler    Page 6 Alphabetic symbol ordering
Relocatable symbols


Symbol: USART2_IRQHandler
   Definitions
      At line 236 in file startup_stm32f042x6.s
   Uses
      At line 107 in file startup_stm32f042x6.s
      At line 207 in file startup_stm32f042x6.s

USB_IRQHandler 00000030

Symbol: USB_IRQHandler
   Definitions
      At line 238 in file startup_stm32f042x6.s
   Uses
      At line 110 in file startup_stm32f042x6.s
      At line 209 in file startup_stm32f042x6.s

WWDG_IRQHandler 00000030

Symbol: WWDG_IRQHandler
   Definitions
      At line 212 in file startup_stm32f042x6.s
   Uses
      At line 79 in file startup_stm32f042x6.s
      At line 183 in file startup_stm32f042x6.s

__user_initial_stackheap 00000034

Symbol: __user_initial_stackheap
   Definitions
      At line 260 in file startup_stm32f042x6.s
   Uses
      At line 258 in file startup_stm32f042x6.s
Comment: __user_initial_stackheap used once
37 symbols



ARM Macro Assembler    Page 1 Alphabetic symbol ordering
Absolute symbols

Heap_Size 00000200

Symbol: Heap_Size
   Definitions
      At line 44 in file startup_stm32f042x6.s
   Uses
      At line 48 in file startup_stm32f042x6.s
      At line 264 in file startup_stm32f042x6.s

Stack_Size 00000400

Symbol: Stack_Size
   Definitions
      At line 33 in file startup_stm32f042x6.s
   Uses
      At line 36 in file startup_stm32f042x6.s
      At line 263 in file startup_stm32f042x6.s

__Vectors_Size 000000C0

Symbol: __Vectors_Size
   Definitions
      At line 114 in file startup_stm32f042x6.s
   Uses
      At line 59 in file startup_stm32f042x6.s
Comment: __Vectors_Size used once
3 symbols



ARM Macro Assembler    Page 1 Alphabetic symbol ordering
External symbols

SystemInit 00000000

Symbol: SystemInit
   Definitions
      At line 122 in file startup_stm32f042x6.s
   Uses
      At line 151 in file startup_stm32f042x6.s
Comment: SystemInit used once
__main 00000000

Symbol: __main
   Definitions
      At line 121 in file startup_stm32f042x6.s
   Uses
      At line 153 in file startup_stm32f042x6.s
Comment: __main used once
__use_two_region_memory 00000000

Symbol: __use_two_region_memory
   Definitions
      At line 257 in file startup_stm32f042x6.s
   Uses
      None
Comment: __use_two_region_memory unused
3 symbols
390 symbols in table
